2026-01-24 09:48:21.177 [JavaFX Application Thread] INFO  Main:136 - dbboys started
2026-01-24 09:49:09.497 [JavaFX Application Thread] INFO  Main:136 - dbboys started
2026-01-24 09:57:59.865 [JavaFX Application Thread] INFO  Main:136 - dbboys started
2026-01-24 09:58:10.570 [pool-3-thread-1] ERROR MetadataTreeviewUtil:1588 - com.gbasedbt.asf.IfxASFException: 连接数据库服务器 () 失败。
java.sql.SQLException: com.gbasedbt.asf.IfxASFException: 连接数据库服务器 () 失败。
	at com.gbasedbt.jdbc.IfxSqliConnect.<init>(IfxSqliConnect.java:1656)
	at java.base/jdk.internal.reflect.DirectConstructorHandleAccessor.newInstance(DirectConstructorHandleAccessor.java:62)
	at java.base/java.lang.reflect.Constructor.newInstanceWithCaller(Constructor.java:499)
	at java.base/java.lang.reflect.Constructor.newInstance(Constructor.java:483)
	at com.gbasedbt.jdbc.Driver.connect(Driver.java:267)
	at com.dbboys.service.ConnectDBaccessService.getConnection(ConnectDBaccessService.java:59)
	at com.dbboys.util.MetadataTreeviewUtil.lambda$51(MetadataTreeviewUtil.java:1563)
	at java.base/java.lang.Thread.run(Thread.java:1474)
	at com.dbboys.vo.Connect.lambda$0(Connect.java:248)
	at java.base/java.util.concurrent.Executors$RunnableAdapter.call(Executors.java:545)
	at java.base/java.util.concurrent.FutureTask.run(FutureTask.java:328)
	at java.base/java.util.concurrent.ThreadPoolExecutor.runWorker(ThreadPoolExecutor.java:1090)
	at java.base/java.util.concurrent.ThreadPoolExecutor$Worker.run(ThreadPoolExecutor.java:614)
	at java.base/java.lang.Thread.run(Thread.java:1474)
Caused by: com.gbasedbt.asf.IfxASFException: 连接数据库服务器 () 失败。
	at com.gbasedbt.util.IfxErrMsg.getLocIfxASFException(IfxErrMsg.java:752)
	at com.gbasedbt.asf.Connection.openSocket(Connection.java:2075)
	at com.gbasedbt.asf.Connection.<init>(Connection.java:537)
	at com.gbasedbt.jdbc.IfxSqliConnect.<init>(IfxSqliConnect.java:1376)
	... 13 more
Caused by: java.net.SocketTimeoutException: Connect timed out
	at java.base/sun.nio.ch.NioSocketImpl.timedFinishConnect(NioSocketImpl.java:547)
	at java.base/sun.nio.ch.NioSocketImpl.connect(NioSocketImpl.java:594)
	at java.base/java.net.SocksSocketImpl.connect(SocksSocketImpl.java:284)
	at java.base/java.net.Socket.connect(Socket.java:659)
	at com.gbasedbt.asf.Connection.getSocket(Connection.java:2420)
	at com.gbasedbt.asf.Connection.openSocket(Connection.java:2006)
	... 15 more
2026-01-24 10:00:09.803 [JavaFX Application Thread] INFO  Main:136 - dbboys started
2026-01-24 10:26:16.820 [JavaFX Application Thread] INFO  Main:136 - dbboys started
2026-01-24 10:30:26.256 [JavaFX Application Thread] INFO  Main:136 - dbboys started
2026-01-24 10:31:19.581 [JavaFX Application Thread] INFO  Main:136 - dbboys started
2026-01-24 10:41:28.025 [JavaFX Application Thread] INFO  Main:136 - dbboys started
2026-01-24 10:45:16.744 [JavaFX Application Thread] INFO  Main:136 - dbboys started
2026-01-24 10:50:02.568 [Thread-33] ERROR SqlTabController:578 - com.gbasedbt.asf.IfxASFException: 连接数据库服务器 () 失败。
java.sql.SQLException: com.gbasedbt.asf.IfxASFException: 连接数据库服务器 () 失败。
	at com.gbasedbt.jdbc.IfxSqliConnect.<init>(IfxSqliConnect.java:1656)
	at java.base/jdk.internal.reflect.DirectConstructorHandleAccessor.newInstance(DirectConstructorHandleAccessor.java:62)
	at java.base/java.lang.reflect.Constructor.newInstanceWithCaller(Constructor.java:499)
	at java.base/java.lang.reflect.Constructor.newInstance(Constructor.java:483)
	at com.gbasedbt.jdbc.Driver.connect(Driver.java:267)
	at com.dbboys.service.ConnectDBaccessService.getConnection(ConnectDBaccessService.java:59)
	at com.dbboys.ctrl.SqlTabController.lambda$21(SqlTabController.java:575)
	at java.base/java.lang.Thread.run(Thread.java:1474)
Caused by: com.gbasedbt.asf.IfxASFException: 连接数据库服务器 () 失败。
	at com.gbasedbt.util.IfxErrMsg.getLocIfxASFException(IfxErrMsg.java:752)
	at com.gbasedbt.asf.Connection.establishConnection(Connection.java:1829)
	at com.gbasedbt.asf.Connection.<init>(Connection.java:539)
	at com.gbasedbt.jdbc.IfxSqliConnect.<init>(IfxSqliConnect.java:1376)
	... 7 more
2026-01-24 10:51:40.525 [Thread-41] ERROR SqlTabController:1250 - A syntax error has occurred.
java.sql.SQLException: A syntax error has occurred.
	at com.gbasedbt.util.IfxErrMsg.getSQLException(IfxErrMsg.java:409)
	at com.gbasedbt.jdbc.IfxSqli.a(IfxSqli.java:3683)
	at com.gbasedbt.jdbc.IfxSqli.D(IfxSqli.java:3963)
	at com.gbasedbt.jdbc.IfxSqli.dispatchMsg(IfxSqli.java:2849)
	at com.gbasedbt.jdbc.IfxSqli.receiveMessage(IfxSqli.java:2774)
	at com.gbasedbt.jdbc.IfxSqli.executePrepare(IfxSqli.java:1303)
	at com.gbasedbt.jdbc.IfxPreparedStatement.f(IfxPreparedStatement.java:492)
	at com.gbasedbt.jdbc.IfxPreparedStatement.a(IfxPreparedStatement.java:473)
	at com.gbasedbt.jdbc.IfxPreparedStatement.<init>(IfxPreparedStatement.java:275)
	at com.gbasedbt.jdbc.IfxSqliConnect.h(IfxSqliConnect.java:6629)
	at com.gbasedbt.jdbc.IfxSqliConnect.prepareStatement(IfxSqliConnect.java:2721)
	at com.dbboys.ctrl.SqlTabController$3.call(SqlTabController.java:1224)
	at com.dbboys.ctrl.SqlTabController$3.call(SqlTabController.java:1)
	at javafx.graphics@25.0.1/javafx.concurrent.Task$TaskCallable.call(Task.java:1407)
	at java.base/java.util.concurrent.FutureTask.run(FutureTask.java:328)
	at java.base/java.lang.Thread.run(Thread.java:1474)
Caused by: java.sql.SQLException
	at com.gbasedbt.util.IfxErrMsg.getSQLException(IfxErrMsg.java:409)
	at com.gbasedbt.jdbc.IfxSqli.D(IfxSqli.java:3968)
	... 13 more
2026-01-24 10:52:23.431 [Thread-42] ERROR SqlTabController:1250 - A syntax error has occurred.
java.sql.SQLException: A syntax error has occurred.
	at com.gbasedbt.util.IfxErrMsg.getSQLException(IfxErrMsg.java:409)
	at com.gbasedbt.jdbc.IfxSqli.a(IfxSqli.java:3683)
	at com.gbasedbt.jdbc.IfxSqli.D(IfxSqli.java:3963)
	at com.gbasedbt.jdbc.IfxSqli.dispatchMsg(IfxSqli.java:2849)
	at com.gbasedbt.jdbc.IfxSqli.receiveMessage(IfxSqli.java:2774)
	at com.gbasedbt.jdbc.IfxSqli.executePrepare(IfxSqli.java:1303)
	at com.gbasedbt.jdbc.IfxPreparedStatement.f(IfxPreparedStatement.java:492)
	at com.gbasedbt.jdbc.IfxPreparedStatement.a(IfxPreparedStatement.java:473)
	at com.gbasedbt.jdbc.IfxPreparedStatement.<init>(IfxPreparedStatement.java:275)
	at com.gbasedbt.jdbc.IfxSqliConnect.h(IfxSqliConnect.java:6629)
	at com.gbasedbt.jdbc.IfxSqliConnect.prepareStatement(IfxSqliConnect.java:2721)
	at com.dbboys.ctrl.SqlTabController$3.call(SqlTabController.java:1224)
	at com.dbboys.ctrl.SqlTabController$3.call(SqlTabController.java:1)
	at javafx.graphics@25.0.1/javafx.concurrent.Task$TaskCallable.call(Task.java:1407)
	at java.base/java.util.concurrent.FutureTask.run(FutureTask.java:328)
	at java.base/java.lang.Thread.run(Thread.java:1474)
Caused by: java.sql.SQLException
	at com.gbasedbt.util.IfxErrMsg.getSQLException(IfxErrMsg.java:409)
	at com.gbasedbt.jdbc.IfxSqli.D(IfxSqli.java:3968)
	... 13 more
2026-01-24 10:53:26.336 [Thread-43] ERROR SqlTabController:1250 - A syntax error has occurred.
java.sql.SQLException: A syntax error has occurred.
	at com.gbasedbt.util.IfxErrMsg.getSQLException(IfxErrMsg.java:409)
	at com.gbasedbt.jdbc.IfxSqli.a(IfxSqli.java:3683)
	at com.gbasedbt.jdbc.IfxSqli.D(IfxSqli.java:3963)
	at com.gbasedbt.jdbc.IfxSqli.dispatchMsg(IfxSqli.java:2849)
	at com.gbasedbt.jdbc.IfxSqli.receiveMessage(IfxSqli.java:2774)
	at com.gbasedbt.jdbc.IfxSqli.executePrepare(IfxSqli.java:1303)
	at com.gbasedbt.jdbc.IfxPreparedStatement.f(IfxPreparedStatement.java:492)
	at com.gbasedbt.jdbc.IfxPreparedStatement.a(IfxPreparedStatement.java:473)
	at com.gbasedbt.jdbc.IfxPreparedStatement.<init>(IfxPreparedStatement.java:275)
	at com.gbasedbt.jdbc.IfxSqliConnect.h(IfxSqliConnect.java:6629)
	at com.gbasedbt.jdbc.IfxSqliConnect.prepareStatement(IfxSqliConnect.java:2721)
	at com.dbboys.ctrl.SqlTabController$3.call(SqlTabController.java:1224)
	at com.dbboys.ctrl.SqlTabController$3.call(SqlTabController.java:1)
	at javafx.graphics@25.0.1/javafx.concurrent.Task$TaskCallable.call(Task.java:1407)
	at java.base/java.util.concurrent.FutureTask.run(FutureTask.java:328)
	at java.base/java.lang.Thread.run(Thread.java:1474)
Caused by: java.sql.SQLException
	at com.gbasedbt.util.IfxErrMsg.getSQLException(IfxErrMsg.java:409)
	at com.gbasedbt.jdbc.IfxSqli.D(IfxSqli.java:3968)
	... 13 more
2026-01-24 11:28:21.689 [JavaFX Application Thread] INFO  Main:135 - dbboys started
2026-01-24 11:28:55.821 [JavaFX Application Thread] INFO  MainController:534 - 收到关闭软件请求，开始关闭所有数据库连接。
2026-01-24 11:29:14.790 [JavaFX Application Thread] ERROR MetadataTreeviewUtil:2137 - System or internal error java.net.SocketException: Connection reset by peer
java.sql.SQLException: System or internal error java.net.SocketException: Connection reset by peer
	at com.gbasedbt.util.IfxErrMsg.getSQLException(IfxErrMsg.java:473)
	at com.gbasedbt.jdbc.IfxSqli.a(IfxSqli.java:8532)
	at com.gbasedbt.jdbc.IfxSqli.flip(IfxSqli.java:2979)
	at com.gbasedbt.jdbc.IfxSqli.receiveMessage(IfxSqli.java:2759)
	at com.gbasedbt.jdbc.IfxSqli.executeRelease(IfxSqli.java:2410)
	at com.gbasedbt.jdbc.IfxResultSet.f(IfxResultSet.java:1639)
	at com.gbasedbt.jdbc.IfxResultSet.close(IfxResultSet.java:1571)
	at com.gbasedbt.jdbc.IfxStatement.close(IfxStatement.java:563)
	at com.gbasedbt.jdbc.IfxSqliConnect.closeAllStatements(IfxSqliConnect.java:2217)
	at com.gbasedbt.jdbc.IfxSqliConnect.close(IfxSqliConnect.java:2042)
	at com.dbboys.util.MetadataTreeviewUtil.disconnectItem(MetadataTreeviewUtil.java:2117)
	at com.dbboys.util.MetadataTreeviewUtil.disconnectFolder(MetadataTreeviewUtil.java:2152)
	at com.dbboys.ctrl.MainController.disconnectAll(MainController.java:646)
	at com.dbboys.ctrl.MainController.lambda$40(MainController.java:535)
	at javafx.base@25.0.1/com.sun.javafx.event.CompositeEventHandler.dispatchBubblingEvent(CompositeEventHandler.java:86)
	at javafx.base@25.0.1/com.sun.javafx.event.EventHandlerManager.dispatchBubblingEvent(EventHandlerManager.java:232)
	at javafx.base@25.0.1/com.sun.javafx.event.EventHandlerManager.dispatchBubblingEvent(EventHandlerManager.java:189)
	at javafx.base@25.0.1/com.sun.javafx.event.CompositeEventDispatcher.dispatchBubblingEvent(CompositeEventDispatcher.java:59)
	at javafx.base@25.0.1/com.sun.javafx.event.BasicEventDispatcher.dispatchEvent(BasicEventDispatcher.java:58)
	at javafx.base@25.0.1/com.sun.javafx.event.EventDispatchChainImpl.dispatchEvent(EventDispatchChainImpl.java:114)
	at javafx.base@25.0.1/com.sun.javafx.event.BasicEventDispatcher.dispatchEvent(BasicEventDispatcher.java:56)
	at javafx.base@25.0.1/com.sun.javafx.event.EventDispatchChainImpl.dispatchEvent(EventDispatchChainImpl.java:114)
	at javafx.base@25.0.1/com.sun.javafx.event.BasicEventDispatcher.dispatchEvent(BasicEventDispatcher.java:56)
	at javafx.base@25.0.1/com.sun.javafx.event.EventDispatchChainImpl.dispatchEvent(EventDispatchChainImpl.java:114)
	at javafx.base@25.0.1/com.sun.javafx.event.EventUtil.fireEventImpl(EventUtil.java:74)
	at javafx.base@25.0.1/com.sun.javafx.event.EventUtil.fireEvent(EventUtil.java:49)
	at javafx.base@25.0.1/javafx.event.Event.fireEvent(Event.java:199)
	at javafx.graphics@25.0.1/javafx.scene.Node.fireEvent(Node.java:9026)
	at javafx.controls@25.0.1/javafx.scene.control.Button.fire(Button.java:203)
	at javafx.controls@25.0.1/com.sun.javafx.scene.control.behavior.ButtonBehavior.mouseReleased(ButtonBehavior.java:207)
	at javafx.controls@25.0.1/com.sun.javafx.scene.control.inputmap.InputMap.handle(InputMap.java:274)
	at javafx.base@25.0.1/com.sun.javafx.event.CompositeEventHandler$NormalEventHandlerRecord.handleBubblingEvent(CompositeEventHandler.java:247)
	at javafx.base@25.0.1/com.sun.javafx.event.CompositeEventHandler.dispatchBubblingEvent(CompositeEventHandler.java:80)
	at javafx.base@25.0.1/com.sun.javafx.event.EventHandlerManager.dispatchBubblingEvent(EventHandlerManager.java:232)
	at javafx.base@25.0.1/com.sun.javafx.event.EventHandlerManager.dispatchBubblingEvent(EventHandlerManager.java:189)
	at javafx.base@25.0.1/com.sun.javafx.event.CompositeEventDispatcher.dispatchBubblingEvent(CompositeEventDispatcher.java:59)
	at javafx.base@25.0.1/com.sun.javafx.event.BasicEventDispatcher.dispatchEvent(BasicEventDispatcher.java:58)
	at javafx.base@25.0.1/com.sun.javafx.event.EventDispatchChainImpl.dispatchEvent(EventDispatchChainImpl.java:114)
	at javafx.base@25.0.1/com.sun.javafx.event.BasicEventDispatcher.dispatchEvent(BasicEventDispatcher.java:56)
	at javafx.base@25.0.1/com.sun.javafx.event.EventDispatchChainImpl.dispatchEvent(EventDispatchChainImpl.java:114)
	at javafx.base@25.0.1/com.sun.javafx.event.BasicEventDispatcher.dispatchEvent(BasicEventDispatcher.java:56)
	at javafx.base@25.0.1/com.sun.javafx.event.EventDispatchChainImpl.dispatchEvent(EventDispatchChainImpl.java:114)
	at javafx.base@25.0.1/com.sun.javafx.event.EventUtil.fireEventImpl(EventUtil.java:74)
	at javafx.base@25.0.1/com.sun.javafx.event.EventUtil.fireEvent(EventUtil.java:54)
	at javafx.base@25.0.1/javafx.event.Event.fireEvent(Event.java:199)
	at javafx.graphics@25.0.1/javafx.scene.Scene$MouseHandler.process(Scene.java:4061)
	at javafx.graphics@25.0.1/javafx.scene.Scene.processMouseEvent(Scene.java:1947)
	at javafx.graphics@25.0.1/javafx.scene.Scene$ScenePeerListener.mouseEvent(Scene.java:2784)
	at javafx.graphics@25.0.1/com.sun.javafx.tk.quantum.GlassViewEventHandler$MouseEventNotification.get(GlassViewEventHandler.java:353)
	at javafx.graphics@25.0.1/com.sun.javafx.tk.quantum.GlassViewEventHandler$MouseEventNotification.get(GlassViewEventHandler.java:255)
	at javafx.graphics@25.0.1/com.sun.javafx.tk.quantum.QuantumToolkit.runWithoutRenderLock(QuantumToolkit.java:424)
	at javafx.graphics@25.0.1/com.sun.javafx.tk.quantum.GlassViewEventHandler.handleMouseEvent(GlassViewEventHandler.java:387)
	at javafx.graphics@25.0.1/com.sun.glass.ui.View.handleMouseEvent(View.java:573)
	at javafx.graphics@25.0.1/com.sun.glass.ui.View.notifyMouse(View.java:975)
	at javafx.graphics@25.0.1/com.sun.glass.ui.win.WinApplication._runLoop(Native Method)
	at javafx.graphics@25.0.1/com.sun.glass.ui.win.WinApplication.lambda$runLoop$0(WinApplication.java:168)
	at java.base/java.lang.Thread.run(Thread.java:1474)
Caused by: java.net.SocketException: Connection reset by peer
	at java.base/sun.nio.ch.SocketDispatcher.write0(Native Method)
	at java.base/sun.nio.ch.SocketDispatcher.write(SocketDispatcher.java:57)
	at java.base/sun.nio.ch.NioSocketImpl.tryWrite(NioSocketImpl.java:402)
	at java.base/sun.nio.ch.NioSocketImpl.implWrite(NioSocketImpl.java:418)
	at java.base/sun.nio.ch.NioSocketImpl.write(NioSocketImpl.java:448)
	at java.base/sun.nio.ch.NioSocketImpl$2.write(NioSocketImpl.java:821)
	at java.base/java.net.Socket$SocketOutputStream.implWrite(Socket.java:1086)
	at java.base/java.net.Socket$SocketOutputStream.write(Socket.java:1076)
	at java.base/java.io.BufferedOutputStream.flushBuffer(BufferedOutputStream.java:123)
	at java.base/java.io.BufferedOutputStream.flush(BufferedOutputStream.java:203)
	at com.gbasedbt.asf.IfxDataOutputStream.flush(IfxDataOutputStream.java:194)
	at com.gbasedbt.jdbc.IfxSqli.a(IfxSqli.java:2995)
	at com.gbasedbt.jdbc.IfxSqli.j(IfxSqli.java:3005)
	at com.gbasedbt.jdbc.IfxSqli.flip(IfxSqli.java:2975)
	... 54 more
2026-01-24 11:29:14.820 [JavaFX Application Thread] INFO  MainController:536 - 所有数据库连接已关闭。
2026-01-24 11:29:14.822 [JavaFX Application Thread] INFO  MainController:541 - 开始执行primaryStage.close()。
2026-01-24 11:29:14.831 [JavaFX Application Thread] INFO  MainController:543 - 结束执行primaryStage.close()，开始执行System.exit(0)。
2026-01-24 11:33:12.273 [JavaFX Application Thread] INFO  Main:135 - dbboys started
2026-01-24 11:33:25.352 [JavaFX Application Thread] INFO  MainController:534 - 收到关闭软件请求，开始关闭所有数据库连接。
2026-01-24 11:33:25.368 [JavaFX Application Thread] INFO  MainController:536 - 所有数据库连接已关闭。
2026-01-24 11:33:25.371 [JavaFX Application Thread] INFO  MainController:541 - 开始执行primaryStage.close()。
2026-01-24 11:33:25.386 [JavaFX Application Thread] INFO  MainController:543 - 结束执行primaryStage.close()，开始执行System.exit(0)。
2026-01-24 11:34:45.354 [JavaFX Application Thread] INFO  Main:135 - dbboys started
2026-01-24 11:35:00.140 [JavaFX Application Thread] INFO  MainController:534 - 收到关闭软件请求，开始关闭所有数据库连接。
2026-01-24 11:35:00.145 [JavaFX Application Thread] INFO  MainController:536 - 所有数据库连接已关闭。
2026-01-24 11:35:00.148 [JavaFX Application Thread] INFO  MainController:541 - 开始执行primaryStage.close()。
2026-01-24 11:35:00.167 [JavaFX Application Thread] INFO  MainController:543 - 结束执行primaryStage.close()，开始执行System.exit(0)。
2026-01-24 11:37:43.727 [JavaFX Application Thread] INFO  Main:135 - dbboys started
2026-01-24 11:37:58.890 [JavaFX Application Thread] INFO  MainController:539 - 开始执行primaryStage.close()。
2026-01-24 11:37:58.908 [JavaFX Application Thread] INFO  MainController:541 - 结束执行primaryStage.close()，开始执行System.exit(0)。
2026-01-24 12:57:07.105 [JavaFX Application Thread] INFO  Main:135 - dbboys已启动。
2026-01-24 12:58:21.465 [JavaFX Application Thread] INFO  Main:135 - dbboys已启动。
